<?xml version="1.0" encoding="UTF-8"?>
<!-- Generated by org.testng.reporters.JUnitXMLReporter -->
<testsuite ignored="0" hostname="SEB-DEANAS-LPT" failures="0" tests="2" name="Engineering Token" time="34.975" errors="0" timestamp="2025-02-04T13:57:21 SAST">
  <testcase classname="UtilipayV2Hybrid.testCases.ValidLoginTest" name="valid_Login" time="4.551"/>
  <testcase classname="UtilipayV2Hybrid.testCases.GenerateEngineeringToken" name="generate_Engineering_Token" time="15.59"/>
</testsuite> <!-- Engineering Token -->
