<?xml version="1.0" encoding="UTF-8"?>
<!-- Generated by org.testng.reporters.JUnitXMLReporter -->
<testsuite ignored="0" hostname="SEB-DEANAS-LPT" failures="1" tests="2" name="Firefox" time="264.811" errors="0" timestamp="2025-07-22T13:08:31 SAST">
  <testcase classname="UtilipayV2Hybrid.testCases.BulkEngineeringTokens" name="generateEngineeringTokens" time="18.241">
    <skipped/>
  </testcase> <!-- generateEngineeringTokens -->
  <testcase classname="UtilipayV2Hybrid.testCases.BulkEngineeringTokens" name="generateEngineeringTokens" time="171.695">
    <failure type="java.lang.AssertionError" message="The following asserts failed:
	First modal message invalid for option: encrypt credit token. Found: Exception: Expected condition failed: waiting for element to be clickable: Proxy element for: DefaultElementLocator &amp;apos;By.xpath: //button[normalize-space()=&amp;apos;Bulk Vend&amp;apos;]&amp;apos; (tried for 10 second(s) with 500 milliseconds interval) expected [true] but found [false],
	Second modal message invalid for option: encrypt credit token. Found:  expected [true] but found [false],
	First modal message invalid for option: verify encrypted token. Found: Exception: Expected condition failed: waiting for element to be clickable: [[FirefoxDriver: firefox on windows (b4e188b0-b22d-4544-9ee9-5e2d0edd1767)] -&amp;gt; xpath: //button[normalize-space()=&amp;apos;Process File&amp;apos;]] (tried for 10 second(s) with 500 milliseconds interval)
Build info: version: &amp;apos;4.34.0&amp;apos;, revision: &amp;apos;707dcb4246*&amp;apos;
System info: os.name: &amp;apos;Windows 11&amp;apos;, os.arch: &amp;apos;amd64&amp;apos;, os.version: &amp;apos;10.0&amp;apos;, java.version: &amp;apos;21.0.4&amp;apos;
Driver info: org.openqa.selenium.firefox.FirefoxDriver
Capabilities {acceptInsecureCerts: true, browserName: firefox, browserVersion: 139.0.4, moz:accessibilityChecks: false, moz:buildID: 20250609112858, moz:geckodriverVersion: 0.36.0, moz:headless: false, moz:platformVersion: 10.0, moz:processID: 25272, moz:profile: C:\Users\DEAN~1.ASC\AppData..., moz:shutdownTimeout: 60000, moz:webdriverClick: true, moz:windowless: false, pageLoadStrategy: normal, platformName: windows, proxy: Proxy(), setWindowRect: true, strictFileInteractability: false, timeouts: {implicit: 0, pageLoad: 300000, script: 30000}, unhandledPromptBehavior: dismiss and notify, userAgent: Mozilla/5.0 (Windows NT 10....}
Session ID: b4e188b0-b22d-4544-9ee9-5e2d0edd1767 expected [true] but found [false],
	Second modal message invalid for option: verify encrypted token. Found:  expected [true] but found [false],
	First modal message invalid for option: key change token. Found: Exception: Expected condition failed: waiting for element to be clickable: Proxy element for: DefaultElementLocator &amp;apos;By.xpath: //button[normalize-space()=&amp;apos;Bulk Vend&amp;apos;]&amp;apos; (tried for 10 second(s) with 500 milliseconds interval) expected [true] but found [false],
	Second modal message invalid for option: key change token. Found:  expected [true] but found [false]">
      <![CDATA[java.lang.AssertionError: The following asserts failed:
First modal message invalid for option: encrypt credit token. Found: Exception: Expected condition failed: waiting for element to be clickable: Proxy element for: DefaultElementLocator 'By.xpath: //button[normalize-space()='Bulk Vend']' (tried for 10 second(s) with 500 milliseconds interval) expected [true] but found [false],
Second modal message invalid for option: encrypt credit token. Found:  expected [true] but found [false],
First modal message invalid for option: verify encrypted token. Found: Exception: Expected condition failed: waiting for element to be clickable: [[FirefoxDriver: firefox on windows (b4e188b0-b22d-4544-9ee9-5e2d0edd1767)] -> xpath: //button[normalize-space()='Process File']] (tried for 10 second(s) with 500 milliseconds interval)
Build info: version: '4.34.0', revision: '707dcb4246*'
System info: os.name: 'Windows 11', os.arch: 'amd64', os.version: '10.0', java.version: '21.0.4'
Driver info: org.openqa.selenium.firefox.FirefoxDriver
Capabilities {acceptInsecureCerts: true, browserName: firefox, browserVersion: 139.0.4, moz:accessibilityChecks: false, moz:buildID: 20250609112858, moz:geckodriverVersion: 0.36.0, moz:headless: false, moz:platformVersion: 10.0, moz:processID: 25272, moz:profile: C:\Users\DEAN~1.ASC\AppData..., moz:shutdownTimeout: 60000, moz:webdriverClick: true, moz:windowless: false, pageLoadStrategy: normal, platformName: windows, proxy: Proxy(), setWindowRect: true, strictFileInteractability: false, timeouts: {implicit: 0, pageLoad: 300000, script: 30000}, unhandledPromptBehavior: dismiss and notify, userAgent: Mozilla/5.0 (Windows NT 10....}
Session ID: b4e188b0-b22d-4544-9ee9-5e2d0edd1767 expected [true] but found [false],
Second modal message invalid for option: verify encrypted token. Found:  expected [true] but found [false],
First modal message invalid for option: key change token. Found: Exception: Expected condition failed: waiting for element to be clickable: Proxy element for: DefaultElementLocator 'By.xpath: //button[normalize-space()='Bulk Vend']' (tried for 10 second(s) with 500 milliseconds interval) expected [true] but found [false],
Second modal message invalid for option: key change token. Found:  expected [true] but found [false]
at UtilipayV2Hybrid.testCases.BulkEngineeringTokens.generateEngineeringTokens(BulkEngineeringTokens.java:77)
at java.base/java.util.ArrayList.forEach(ArrayList.java:1596)
at java.base/java.util.concurrent.FutureTask.run(FutureTask.java:317)
at java.base/java.util.concurrent.ThreadPoolExecutor.runWorker(ThreadPoolExecutor.java:1144)
at java.base/java.util.concurrent.ThreadPoolExecutor$Worker.run(ThreadPoolExecutor.java:642)
at java.base/java.lang.Thread.run(Thread.java:1583)
... Removed 18 stack frames]]>
    </failure>
  </testcase> <!-- generateEngineeringTokens -->
</testsuite> <!-- Firefox -->
