<?xml version="1.0" encoding="UTF-8"?>
<!-- Generated by org.testng.reporters.JUnitXMLReporter -->
<testsuite ignored="0" hostname="SEB-DEANAS-LPT" failures="0" tests="7" name="Test" time="187.119" errors="0" timestamp="2025-03-11T15:41:52 SAST">
  <testcase classname="UtilipayV2Hybrid.testCases.ValidLoginTest" name="valid_Login" time="8.029"/>
  <testcase classname="UtilipayV2Hybrid.testCases.GenerateEngineeringToken" name="generate_Engineering_Token" time="14.505"/>
  <testcase classname="UtilipayV2Hybrid.testCases.AddUser" name="create_New_User" time="16.712"/>
  <testcase classname="UtilipayV2Hybrid.testCases.AddMunicipality" name="AddMun" time="21.793"/>
  <testcase classname="UtilipayV2Hybrid.testCases.MtrLookup" name="doLookup" time="6.912"/>
  <testcase classname="UtilipayV2Hybrid.testCases.Transact" name="doLookup" time="20.515"/>
  <testcase classname="UtilipayV2Hybrid.testCases.AddTariff" name="CreateNewTariffCode" time="31.18"/>
</testsuite> <!-- Test -->
