<?xml version="1.0" encoding="UTF-8"?>
<!-- Generated by org.testng.reporters.JUnitXMLReporter -->
<testsuite ignored="0" hostname="SEB-DEANAS-LPT" failures="1" tests="2" name="Utilipay Version 2" time="99.168" errors="0" timestamp="2025-09-03T12:09:52 SAST">
  <testcase classname="UtilipayV2Hybrid.testCases.Reporting" name="generateAllReportsAndAssertStatusMessages" time="47.301">
    <skipped/>
  </testcase> <!-- generateAllReportsAndAssertStatusMessages -->
  <testcase classname="UtilipayV2Hybrid.testCases.Reporting" name="generateAllReportsAndAssertStatusMessages" time="44.792">
    <failure type="java.lang.AssertionError" message="The following asserts failed:
	Unexpected status message for report: Automation Report expected [Your report is being prepared. you will receive an email ones it is ready!] but found [Preset successfully saved!]">
      <![CDATA[java.lang.AssertionError: The following asserts failed:
Unexpected status message for report: Automation Report expected [Your report is being prepared. you will receive an email ones it is ready!] but found [Preset successfully saved!]
at UtilipayV2Hybrid.testCases.Reporting.generateAllReportsAndAssertStatusMessages(Reporting.java:99)
at java.base/java.util.ArrayList.forEach(ArrayList.java:1596)
... Removed 27 stack frames]]>
    </failure>
  </testcase> <!-- generateAllReportsAndAssertStatusMessages -->
</testsuite> <!-- Utilipay Version 2 -->
