<?xml version="1.0" encoding="UTF-8"?>
<!-- Generated by org.testng.reporters.JUnitXMLReporter -->
<testsuite ignored="0" hostname="SEB-DEANAS-LPT" failures="1" tests="7" name="Utilipay Version 2" time="16.178" errors="0" timestamp="2025-06-25T09:53:21 SAST">
  <testcase classname="UtilipayV2Hybrid.testCases.Api" name="emsVendTest" time="6.592"/>
  <testcase classname="UtilipayV2Hybrid.testCases.Api" name="switchMeterLookup" time="1.789"/>
  <testcase classname="UtilipayV2Hybrid.testCases.Api" name="switchMunLookup" time="0.209"/>
  <testcase classname="UtilipayV2Hybrid.testCases.Api" name="switchVend" time="0.821">
    <skipped/>
  </testcase> <!-- switchVend -->
  <testcase classname="UtilipayV2Hybrid.testCases.Api" name="switchVend" time="0.321">
    <failure type="java.lang.AssertionError" message="Switch vend request failed expected [200] but found [500]">
      <![CDATA[java.lang.AssertionError: Switch vend request failed expected [200] but found [500]
at UtilipayV2Hybrid.testCases.Api.switchVend(Api.java:168)
at java.base/java.util.ArrayList.forEach(ArrayList.java:1596)
... Removed 30 stack frames]]>
    </failure>
  </testcase> <!-- switchVend -->
  <testcase classname="UtilipayV2Hybrid.testCases.Api" name="confirmTransactionTest" time="0.239"/>
  <testcase classname="UtilipayV2Hybrid.testCases.Api" name="cancelTransactionTest" time="0.952"/>
</testsuite> <!-- Utilipay Version 2 -->
