<?xml version="1.0" encoding="UTF-8"?>
<!-- Generated by org.testng.reporters.JUnitXMLReporter -->
<testsuite ignored="0" hostname="SEB-DEANAS-LPT" failures="1" tests="6" name="Utilipay Version 2" time="20.579" errors="0" timestamp="2025-07-03T12:32:48 SAST">
  <testcase classname="UtilipayV2Hybrid.testCases.Api" name="emsVendTest" time="15.009"/>
  <testcase classname="UtilipayV2Hybrid.testCases.Api" name="switchMeterLookup" time="1.273"/>
  <testcase classname="UtilipayV2Hybrid.testCases.Api" name="switchMunLookup" time="0.169"/>
  <testcase classname="UtilipayV2Hybrid.testCases.Api" name="switchVend" time="0.222">
    <skipped/>
  </testcase> <!-- switchVend -->
  <testcase classname="UtilipayV2Hybrid.testCases.Api" name="switchVend" time="0.194">
    <failure type="java.lang.AssertionError" message="Switch vend request failed expected [200] but found [500]">
      <![CDATA[java.lang.AssertionError: Switch vend request failed expected [200] but found [500]
at UtilipayV2Hybrid.testCases.Api.switchVend(Api.java:170)
at java.base/java.util.ArrayList.forEach(ArrayList.java:1596)
... Removed 30 stack frames]]>
    </failure>
  </testcase> <!-- switchVend -->
  <testcase classname="UtilipayV2Hybrid.testCases.Api" name="confirmTransactionTest" time="0.177"/>
</testsuite> <!-- Utilipay Version 2 -->
