<?xml version="1.0" encoding="UTF-8"?>
<!-- Generated by org.testng.reporters.JUnitXMLReporter -->
<testsuite ignored="0" hostname="SEB-DEANAS-LPT" failures="1" tests="2" name="Utilipay Version 2" time="300.648" errors="0" timestamp="2025-08-12T08:54:41 SAST">
  <testcase classname="UtilipayV2Hybrid.testCases.RegressionClean" name="regression" time="224.987">
    <skipped/>
  </testcase> <!-- regression -->
  <testcase classname="UtilipayV2Hybrid.testCases.RegressionClean" name="regression" time="1.638">
    <failure type="java.lang.AssertionError" message="Regression test failed: element click intercepted: Element &amp;lt;div data-i18n=&amp;quot;...&amp;quot;&amp;gt;Admin&amp;lt;/div&amp;gt; is not clickable at point (76, 137). Other element would receive the click: &amp;lt;div class=&amp;quot;modal fade show&amp;quot; id=&amp;quot;vendResult&amp;quot; tabindex=&amp;quot;-1&amp;quot; aria-modal=&amp;quot;true&amp;quot; role=&amp;quot;dialog&amp;quot; style=&amp;quot;display: block;&amp;quot;&amp;gt;...&amp;lt;/div&amp;gt;
  (Session info: chrome=138.0.7204.185)
Build info: version: &amp;apos;4.34.0&amp;apos;, revision: &amp;apos;707dcb4246*&amp;apos;
System info: os.name: &amp;apos;Windows 11&amp;apos;, os.arch: &amp;apos;amd64&amp;apos;, os.version: &amp;apos;10.0&amp;apos;, java.version: &amp;apos;21.0.5&amp;apos;
Driver info: org.openqa.selenium.chrome.ChromeDriver
Command: [d2e186027cdfbd6bbbc9605b562262ab, clickElement {id=f.6892223E6F37FA6FFB84230B469317C4.d.A405F04519C311AEC39A815F055F4ADA.e.4821}]
Capabilities {acceptInsecureCerts: false, browserName: chrome, browserVersion: 138.0.7204.185, chrome: {chromedriverVersion: 138.0.7204.183 (e90faf484dd..., userDataDir: C:\Users\DEAN~1.ASC\AppData...}, fedcm:accounts: true, goog:chromeOptions: {debuggerAddress: localhost:52315}, networkConnectionEnabled: false, pageLoadStrategy: normal, platformName: windows, proxy: Proxy(), se:cdp: ws://localhost:52315/devtoo..., se:cdpVersion: 138.0.7204.185, setWindowRect: true, strictFileInteractability: false, timeouts: {implicit: 0, pageLoad: 300000, script: 30000}, unhandledPromptBehavior: dismiss and notify, webauthn:extension:credBlob: true, webauthn:extension:largeBlob: true, webauthn:extension:minPinLength: true, webauthn:extension:prf: true, webauthn:virtualAuthenticators: true}
Element: [[ChromeDriver: chrome on windows (d2e186027cdfbd6bbbc9605b562262ab)] -&amp;gt; xpath: //div[@data-i18n=&amp;apos;Admin&amp;apos;]]
Session ID: d2e186027cdfbd6bbbc9605b562262ab">
      <![CDATA[java.lang.AssertionError: Regression test failed: element click intercepted: Element <div data-i18n="...">Admin</div> is not clickable at point (76, 137). Other element would receive the click: <div class="modal fade show" id="vendResult" tabindex="-1" aria-modal="true" role="dialog" style="display: block;">...</div>
  (Session info: chrome=138.0.7204.185)
Build info: version: '4.34.0', revision: '707dcb4246*'
System info: os.name: 'Windows 11', os.arch: 'amd64', os.version: '10.0', java.version: '21.0.5'
Driver info: org.openqa.selenium.chrome.ChromeDriver
Command: [d2e186027cdfbd6bbbc9605b562262ab, clickElement {id=f.6892223E6F37FA6FFB84230B469317C4.d.A405F04519C311AEC39A815F055F4ADA.e.4821}]
Capabilities {acceptInsecureCerts: false, browserName: chrome, browserVersion: 138.0.7204.185, chrome: {chromedriverVersion: 138.0.7204.183 (e90faf484dd..., userDataDir: C:\Users\DEAN~1.ASC\AppData...}, fedcm:accounts: true, goog:chromeOptions: {debuggerAddress: localhost:52315}, networkConnectionEnabled: false, pageLoadStrategy: normal, platformName: windows, proxy: Proxy(), se:cdp: ws://localhost:52315/devtoo..., se:cdpVersion: 138.0.7204.185, setWindowRect: true, strictFileInteractability: false, timeouts: {implicit: 0, pageLoad: 300000, script: 30000}, unhandledPromptBehavior: dismiss and notify, webauthn:extension:credBlob: true, webauthn:extension:largeBlob: true, webauthn:extension:minPinLength: true, webauthn:extension:prf: true, webauthn:virtualAuthenticators: true}
Element: [[ChromeDriver: chrome on windows (d2e186027cdfbd6bbbc9605b562262ab)] -> xpath: //div[@data-i18n='Admin']]
Session ID: d2e186027cdfbd6bbbc9605b562262ab
at UtilipayV2Hybrid.testCases.RegressionClean.regression(RegressionClean.java:110)
at java.base/java.util.ArrayList.forEach(ArrayList.java:1596)
... Removed 26 stack frames]]>
    </failure>
  </testcase> <!-- regression -->
</testsuite> <!-- Utilipay Version 2 -->
