<?xml version="1.0" encoding="UTF-8"?>
<!-- Generated by org.testng.reporters.JUnitXMLReporter -->
<testsuite ignored="0" hostname="SEB-DEANAS-LPT" failures="0" tests="5" name="Utilipay Version 2" time="13.211" errors="0" timestamp="2025-09-05T11:55:02 SAST">
  <testcase classname="UtilipayV2Hybrid.testCases.Api" name="emsVendTest" time="1.803"/>
  <testcase classname="UtilipayV2Hybrid.testCases.Api" name="switchMeterLookup" time="5.134"/>
  <testcase classname="UtilipayV2Hybrid.testCases.Api" name="switchMunLookup" time="0.257"/>
  <testcase classname="UtilipayV2Hybrid.testCases.Api" name="switchVend" time="1.772"/>
  <testcase classname="UtilipayV2Hybrid.testCases.Api" name="confirmTransactionTest" time="0.163"/>
</testsuite> <!-- Utilipay Version 2 -->
