<?xml version="1.0" encoding="UTF-8"?>
<!-- Generated by org.testng.reporters.JUnitXMLReporter -->
<testsuite ignored="0" hostname="SEB-DEANAS-LPT" failures="2" tests="7" name="Utilipay Version 2" time="9.119" errors="0" timestamp="2025-09-10T18:51:15 SAST">
  <testcase classname="UtilipayV2Hybrid.testCases.Api" name="emsVendTest" time="0.408">
    <skipped/>
  </testcase> <!-- emsVendTest -->
  <testcase classname="UtilipayV2Hybrid.testCases.Api" name="emsVendTest" time="0.317">
    <failure type="java.lang.AssertionError" message="EMS Vend failed (bad status) expected [200] but found [400]">
      <![CDATA[java.lang.AssertionError: EMS Vend failed (bad status) expected [200] but found [400]
at UtilipayV2Hybrid.testCases.Api.emsVendTest(Api.java:92)
at java.base/java.util.ArrayList.forEach(ArrayList.java:1596)
... Removed 30 stack frames]]>
    </failure>
  </testcase> <!-- emsVendTest -->
  <testcase classname="UtilipayV2Hybrid.testCases.Api" name="switchMeterLookup" time="2.422"/>
  <testcase classname="UtilipayV2Hybrid.testCases.Api" name="switchMunLookup" time="0.207"/>
  <testcase classname="UtilipayV2Hybrid.testCases.Api" name="switchVend" time="0.634">
    <skipped/>
  </testcase> <!-- switchVend -->
  <testcase classname="UtilipayV2Hybrid.testCases.Api" name="switchVend" time="0.808">
    <failure type="java.lang.AssertionError" message="Switch Vend failed with error: Newtonsoft.Json.JsonSerializationException: Error converting value {null} to type &amp;apos;System.Int32&amp;apos;. Path &amp;apos;municipalID&amp;apos;, line 1, position 17. ---&amp;gt; System.InvalidCastException: Null object cannot be converted to a value type.
   at System.Convert.ChangeType(Object value, Type conversionType, IFormatProvider provider)
   at Newtonsoft.Json.Serialization.JsonSerializerInternalReader.EnsureType(JsonReader reader, Object value, CultureInfo culture, JsonContract contract, Type targetType)
   --- End of inner exception stack trace ---
   at Newtonsoft.Json.Serialization.JsonSerializerInternalReader.EnsureType(JsonReader reader, Object value, CultureInfo culture, JsonContract contract, Type targetType)
   at Newtonsoft.Json.Serialization.JsonSerializerInternalReader.CreateValueInternal(JsonReader reader, Type objectType, JsonContract contract, JsonProperty member, JsonContainerContract containerContract, JsonProperty containerMember, Object existingValue)
   at Newtonsoft.Json.Serialization.JsonSerializerInternalReader.SetPropertyValue(JsonProperty property, JsonConverter propertyConverter, JsonContainerContract containerContract, JsonProperty containerProperty, JsonReader reader, Object target)
   at Newtonsoft.Json.Serialization.JsonSerializerInternalReader.PopulateObject(Object newObject, JsonReader reader, JsonObjectContract contract, JsonProperty member, String id)
   at Newtonsoft.Json.Serialization.JsonSerializerInternalReader.CreateObject(JsonReader reader, Type objectType, JsonContract contract, JsonProperty member, JsonContainerContract containerContract, JsonProperty containerMember, Object existingValue)
   at Newtonsoft.Json.Serialization.JsonSerializerInternalReader.CreateValueInternal(JsonReader reader, Type objectType, JsonContract contract, JsonProperty member, JsonContainerContract containerContract, JsonProperty containerMember, Object existingValue)
   at Newtonsoft.Json.Serialization.JsonSerializerInternalReader.Deserialize(JsonReader reader, Type objectType, Boolean checkAdditionalContent)
   at Newtonsoft.Json.JsonSerializer.DeserializeInternal(JsonReader reader, Type objectType)
   at Newtonsoft.Json.JsonConvert.DeserializeObject(String value, Type type, JsonSerializerSettings settings)
   at Newtonsoft.Json.JsonConvert.DeserializeObject[T](String value, JsonSerializerSettings settings)
   at DataInterface.Logic.Integration_Utilipay.UP2LookupMunicipalID(String MeterNo, String BearerToken) in D:\a\1\s\DataInterface\Logic\Integration_Utilipay.cs:line 266
   at DataInterface.Logic.APIFunctions.Product.Purchase(Query Info, User user, DataInterfaceModel db, RequestSource source, String UnallocatedFundsAccount) in D:\a\1\s\DataInterface\Logic\APIFunctions.cs:line 511 expected [true] but found [false]">
      <![CDATA[java.lang.AssertionError: Switch Vend failed with error: Newtonsoft.Json.JsonSerializationException: Error converting value {null} to type 'System.Int32'. Path 'municipalID', line 1, position 17. ---> System.InvalidCastException: Null object cannot be converted to a value type.
   at System.Convert.ChangeType(Object value, Type conversionType, IFormatProvider provider)
   at Newtonsoft.Json.Serialization.JsonSerializerInternalReader.EnsureType(JsonReader reader, Object value, CultureInfo culture, JsonContract contract, Type targetType)
   --- End of inner exception stack trace ---
   at Newtonsoft.Json.Serialization.JsonSerializerInternalReader.EnsureType(JsonReader reader, Object value, CultureInfo culture, JsonContract contract, Type targetType)
   at Newtonsoft.Json.Serialization.JsonSerializerInternalReader.CreateValueInternal(JsonReader reader, Type objectType, JsonContract contract, JsonProperty member, JsonContainerContract containerContract, JsonProperty containerMember, Object existingValue)
   at Newtonsoft.Json.Serialization.JsonSerializerInternalReader.SetPropertyValue(JsonProperty property, JsonConverter propertyConverter, JsonContainerContract containerContract, JsonProperty containerProperty, JsonReader reader, Object target)
   at Newtonsoft.Json.Serialization.JsonSerializerInternalReader.PopulateObject(Object newObject, JsonReader reader, JsonObjectContract contract, JsonProperty member, String id)
   at Newtonsoft.Json.Serialization.JsonSerializerInternalReader.CreateObject(JsonReader reader, Type objectType, JsonContract contract, JsonProperty member, JsonContainerContract containerContract, JsonProperty containerMember, Object existingValue)
   at Newtonsoft.Json.Serialization.JsonSerializerInternalReader.CreateValueInternal(JsonReader reader, Type objectType, JsonContract contract, JsonProperty member, JsonContainerContract containerContract, JsonProperty containerMember, Object existingValue)
   at Newtonsoft.Json.Serialization.JsonSerializerInternalReader.Deserialize(JsonReader reader, Type objectType, Boolean checkAdditionalContent)
   at Newtonsoft.Json.JsonSerializer.DeserializeInternal(JsonReader reader, Type objectType)
   at Newtonsoft.Json.JsonConvert.DeserializeObject(String value, Type type, JsonSerializerSettings settings)
   at Newtonsoft.Json.JsonConvert.DeserializeObject[T](String value, JsonSerializerSettings settings)
   at DataInterface.Logic.Integration_Utilipay.UP2LookupMunicipalID(String MeterNo, String BearerToken) in D:\a\1\s\DataInterface\Logic\Integration_Utilipay.cs:line 266
   at DataInterface.Logic.APIFunctions.Product.Purchase(Query Info, User user, DataInterfaceModel db, RequestSource source, String UnallocatedFundsAccount) in D:\a\1\s\DataInterface\Logic\APIFunctions.cs:line 511 expected [true] but found [false]
at UtilipayV2Hybrid.testCases.Api.switchVend(Api.java:222)
at java.base/java.util.ArrayList.forEach(ArrayList.java:1596)
... Removed 28 stack frames]]>
    </failure>
  </testcase> <!-- switchVend -->
  <testcase classname="UtilipayV2Hybrid.testCases.Api" name="confirmTransactionTest" time="0.0">
    <skipped/>
  </testcase> <!-- confirmTransactionTest -->
</testsuite> <!-- Utilipay Version 2 -->
