<?xml version="1.0" encoding="UTF-8"?>
<!-- Generated by org.testng.reporters.JUnitXMLReporter -->
<testsuite ignored="0" hostname="SEB-DEANAS-LPT" failures="2" tests="6" name="Utilipay Version 2" time="54.776" errors="0" timestamp="2025-06-25T08:45:37 SAST">
  <testcase classname="UtilipayV2Hybrid.testCases.Api" name="emsVendTest" time="21.927"/>
  <testcase classname="UtilipayV2Hybrid.testCases.Api" name="switchMeterLookup" time="2.561"/>
  <testcase classname="UtilipayV2Hybrid.testCases.Api" name="switchMunLookup" time="0.447"/>
  <testcase classname="UtilipayV2Hybrid.testCases.Api" name="switchVend" time="0.683">
    <skipped/>
  </testcase> <!-- switchVend -->
  <testcase classname="UtilipayV2Hybrid.testCases.Api" name="switchVend" time="0.521">
    <failure type="java.lang.AssertionError" message="Switch vend request failed expected [200] but found [500]">
      <![CDATA[java.lang.AssertionError: Switch vend request failed expected [200] but found [500]
at UtilipayV2Hybrid.testCases.Api.switchVend(Api.java:156)
at java.base/java.util.ArrayList.forEach(ArrayList.java:1596)
... Removed 30 stack frames]]>
    </failure>
  </testcase> <!-- switchVend -->
  <testcase classname="UtilipayV2Hybrid.testCases.Api" name="switchVend" time="1.21">
    <failure type="java.lang.IllegalArgumentException" message="ScreenCapture path must not be null or empty">
      <![CDATA[java.lang.IllegalArgumentException: ScreenCapture path must not be null or empty
at com.aventstack.extentreports.util.Assert.notEmpty(Assert.java:12)
at com.aventstack.extentreports.ExtentTest.addScreenCaptureFromPath(ExtentTest.java:1100)
at com.aventstack.extentreports.ExtentTest.addScreenCaptureFromPath(ExtentTest.java:1108)
at UtilipayV2Hybrid.utilities.ExtentReportNG.onTestFailure(ExtentReportNG.java:88)
at java.base/java.util.ArrayList.forEach(ArrayList.java:1596)
... Removed 24 stack frames]]>
    </failure>
  </testcase> <!-- switchVend -->
</testsuite> <!-- Utilipay Version 2 -->
