<?xml version="1.0" encoding="UTF-8"?>
<!-- Generated by org.testng.reporters.JUnitXMLReporter -->
<testsuite ignored="0" hostname="SEB-DEANAS-LPT" failures="2" tests="8" name="Utilipay Version 2" time="7.34" errors="0" timestamp="2025-07-17T15:56:26 SAST">
  <testcase classname="UtilipayV2Hybrid.testCases.Api" name="emsVendTest" time="0.542">
    <skipped/>
  </testcase> <!-- emsVendTest -->
  <testcase classname="UtilipayV2Hybrid.testCases.Api" name="emsVendTest" time="0.675">
    <failure type="java.lang.AssertionError" message="Confirm transaction failed expected [200] but found [400]">
      <![CDATA[java.lang.AssertionError: Confirm transaction failed expected [200] but found [400]
at UtilipayV2Hybrid.testCases.Api.confirmTransaction(Api.java:214)
at UtilipayV2Hybrid.testCases.Api.emsVendTest(Api.java:95)
at java.base/java.util.ArrayList.forEach(ArrayList.java:1596)
... Removed 30 stack frames]]>
    </failure>
  </testcase> <!-- emsVendTest -->
  <testcase classname="UtilipayV2Hybrid.testCases.Api" name="switchMeterLookup" time="1.141"/>
  <testcase classname="UtilipayV2Hybrid.testCases.Api" name="switchMunLookup" time="0.158"/>
  <testcase classname="UtilipayV2Hybrid.testCases.Api" name="switchVend" time="0.198">
    <skipped/>
  </testcase> <!-- switchVend -->
  <testcase classname="UtilipayV2Hybrid.testCases.Api" name="switchVend" time="0.147">
    <failure type="java.lang.AssertionError" message="Switch vend request failed expected [200] but found [415]">
      <![CDATA[java.lang.AssertionError: Switch vend request failed expected [200] but found [415]
at UtilipayV2Hybrid.testCases.Api.switchVend(Api.java:177)
at java.base/java.util.ArrayList.forEach(ArrayList.java:1596)
... Removed 30 stack frames]]>
    </failure>
  </testcase> <!-- switchVend -->
  <testcase classname="UtilipayV2Hybrid.testCases.Api" name="confirmTransactionTest" time="0.0">
    <skipped/>
  </testcase> <!-- confirmTransactionTest -->
  <testcase classname="UtilipayV2Hybrid.testCases.Api" name="cancelTransactionTest" time="0.0">
    <skipped/>
  </testcase> <!-- cancelTransactionTest -->
</testsuite> <!-- Utilipay Version 2 -->
