<?xml version="1.0" encoding="UTF-8"?>
<!-- Generated by org.testng.reporters.JUnitXMLReporter -->
<testsuite ignored="0" hostname="SEB-DEANAS-LPT" failures="1" tests="2" name="Utilipay Version 2" time="477.383" errors="0" timestamp="2025-08-19T11:21:25 SAST">
  <testcase classname="UtilipayV2Hybrid.testCases.RegressionClean" name="regression" time="376.827">
    <skipped/>
  </testcase> <!-- regression -->
  <testcase classname="UtilipayV2Hybrid.testCases.RegressionClean" name="regression" time="20.539">
    <failure type="java.lang.AssertionError" message="Regression test failed: Expected condition failed: waiting for element to be clickable: Proxy element for: DefaultElementLocator &amp;apos;By.partialLinkText: Municipal Maintenance&amp;apos; (tried for 10 second(s) with 500 milliseconds interval)">
      <![CDATA[java.lang.AssertionError: Regression test failed: Expected condition failed: waiting for element to be clickable: Proxy element for: DefaultElementLocator 'By.partialLinkText: Municipal Maintenance' (tried for 10 second(s) with 500 milliseconds interval)
at UtilipayV2Hybrid.testCases.RegressionClean.regression(RegressionClean.java:110)
at java.base/java.util.ArrayList.forEach(ArrayList.java:1596)
... Removed 26 stack frames]]>
    </failure>
  </testcase> <!-- regression -->
</testsuite> <!-- Utilipay Version 2 -->
