<?xml version="1.0" encoding="UTF-8"?>
<!-- Generated by org.testng.reporters.JUnitXMLReporter -->
<testsuite ignored="0" hostname="SEB-DEANAS-LPT" failures="1" tests="7" name="Utilipay Version 2" time="6.262" errors="0" timestamp="2025-07-23T09:41:45 SAST">
  <testcase classname="UtilipayV2Hybrid.testCases.Api" name="emsVendTest" time="1.405"/>
  <testcase classname="UtilipayV2Hybrid.testCases.Api" name="switchMeterLookup" time="0.571"/>
  <testcase classname="UtilipayV2Hybrid.testCases.Api" name="switchMunLookup" time="0.159"/>
  <testcase classname="UtilipayV2Hybrid.testCases.Api" name="switchVend" time="0.175">
    <skipped/>
  </testcase> <!-- switchVend -->
  <testcase classname="UtilipayV2Hybrid.testCases.Api" name="switchVend" time="0.167">
    <failure type="java.lang.AssertionError" message="Switch vend request failed expected [200] but found [404]">
      <![CDATA[java.lang.AssertionError: Switch vend request failed expected [200] but found [404]
at UtilipayV2Hybrid.testCases.Api.switchVend(Api.java:203)
at java.base/java.util.ArrayList.forEach(ArrayList.java:1596)
... Removed 30 stack frames]]>
    </failure>
  </testcase> <!-- switchVend -->
  <testcase classname="UtilipayV2Hybrid.testCases.Api" name="confirmTransactionTest" time="0.163"/>
  <testcase classname="UtilipayV2Hybrid.testCases.Api" name="cancelTransactionTest" time="0.154"/>
</testsuite> <!-- Utilipay Version 2 -->
