<?xml version="1.0" encoding="UTF-8"?>
<!-- Generated by org.testng.reporters.JUnitXMLReporter -->
<testsuite ignored="0" hostname="SEB-DEANAS-LPT" failures="1" tests="7" name="Utilipay Version 2" time="30.338" errors="0" timestamp="2025-07-22T15:31:46 SAST">
  <testcase classname="UtilipayV2Hybrid.testCases.Api" name="emsVendTest" time="24.154"/>
  <testcase classname="UtilipayV2Hybrid.testCases.Api" name="switchMeterLookup" time="0.616"/>
  <testcase classname="UtilipayV2Hybrid.testCases.Api" name="switchMunLookup" time="0.187"/>
  <testcase classname="UtilipayV2Hybrid.testCases.Api" name="switchVend" time="0.156">
    <skipped/>
  </testcase> <!-- switchVend -->
  <testcase classname="UtilipayV2Hybrid.testCases.Api" name="switchVend" time="0.145">
    <failure type="java.lang.AssertionError" message="Switch vend request failed expected [200] but found [415]">
      <![CDATA[java.lang.AssertionError: Switch vend request failed expected [200] but found [415]
at UtilipayV2Hybrid.testCases.Api.switchVend(Api.java:177)
at java.base/java.util.ArrayList.forEach(ArrayList.java:1596)
... Removed 30 stack frames]]>
    </failure>
  </testcase> <!-- switchVend -->
  <testcase classname="UtilipayV2Hybrid.testCases.Api" name="confirmTransactionTest" time="0.161"/>
  <testcase classname="UtilipayV2Hybrid.testCases.Api" name="cancelTransactionTest" time="0.178"/>
</testsuite> <!-- Utilipay Version 2 -->
