<?xml version="1.0" encoding="UTF-8"?>
<!-- Generated by org.testng.reporters.JUnitXMLReporter -->
<testsuite ignored="0" hostname="SEB-DEANAS-LPT" failures="1" tests="2" name="Utilipay Version 2" time="204.112" errors="0" timestamp="2025-09-09T17:12:56 SAST">
  <testcase classname="UtilipayV2Hybrid.testCases.RegressionClean" name="regression" time="187.232">
    <skipped/>
  </testcase> <!-- regression -->
  <testcase classname="UtilipayV2Hybrid.testCases.RegressionClean" name="regression" time="2.447">
    <failure type="java.lang.AssertionError" message="Regression test failed: element click intercepted: Element &amp;lt;div data-i18n=&amp;quot;...&amp;quot;&amp;gt;Admin&amp;lt;/div&amp;gt; is not clickable at point (76, 137). Other element would receive the click: &amp;lt;div class=&amp;quot;modal fade show&amp;quot; id=&amp;quot;addNewUser&amp;quot; tabindex=&amp;quot;-1&amp;quot; aria-modal=&amp;quot;true&amp;quot; role=&amp;quot;dialog&amp;quot; style=&amp;quot;display: block;&amp;quot;&amp;gt;...&amp;lt;/div&amp;gt;
  (Session info: chrome=139.0.7258.155)
Build info: version: &amp;apos;4.35.0&amp;apos;, revision: &amp;apos;1c58e5028b&amp;apos;
System info: os.name: &amp;apos;Windows 11&amp;apos;, os.arch: &amp;apos;amd64&amp;apos;, os.version: &amp;apos;10.0&amp;apos;, java.version: &amp;apos;21.0.5&amp;apos;
Driver info: org.openqa.selenium.chrome.ChromeDriver
Command: [6a7bbc00994c0ba7033b244e3a42ba8d, clickElement {id=f.4059D2F78212EAA6976DBF11103921A7.d.B0D08495E61936F2135D570BB7149B55.e.2729}]
Capabilities {acceptInsecureCerts: false, browserName: chrome, browserVersion: 139.0.7258.155, chrome: {chromedriverVersion: 139.0.7258.154 (9e0d6b2b47f..., userDataDir: C:\Users\DEAN~1.ASC\AppData...}, fedcm:accounts: true, goog:chromeOptions: {debuggerAddress: localhost:60998}, networkConnectionEnabled: false, pageLoadStrategy: normal, platformName: windows, proxy: Proxy(), se:cdp: ws://localhost:60998/devtoo..., se:cdpVersion: 139.0.7258.155, setWindowRect: true, strictFileInteractability: false, timeouts: {implicit: 0, pageLoad: 300000, script: 30000}, unhandledPromptBehavior: dismiss and notify, webauthn:extension:credBlob: true, webauthn:extension:largeBlob: true, webauthn:extension:minPinLength: true, webauthn:extension:prf: true, webauthn:virtualAuthenticators: true}
Element: [[ChromeDriver: chrome on windows (6a7bbc00994c0ba7033b244e3a42ba8d)] -&amp;gt; xpath: //div[@data-i18n=&amp;apos;Admin&amp;apos;]]
Session ID: 6a7bbc00994c0ba7033b244e3a42ba8d">
      <![CDATA[java.lang.AssertionError: Regression test failed: element click intercepted: Element <div data-i18n="...">Admin</div> is not clickable at point (76, 137). Other element would receive the click: <div class="modal fade show" id="addNewUser" tabindex="-1" aria-modal="true" role="dialog" style="display: block;">...</div>
  (Session info: chrome=139.0.7258.155)
Build info: version: '4.35.0', revision: '1c58e5028b'
System info: os.name: 'Windows 11', os.arch: 'amd64', os.version: '10.0', java.version: '21.0.5'
Driver info: org.openqa.selenium.chrome.ChromeDriver
Command: [6a7bbc00994c0ba7033b244e3a42ba8d, clickElement {id=f.4059D2F78212EAA6976DBF11103921A7.d.B0D08495E61936F2135D570BB7149B55.e.2729}]
Capabilities {acceptInsecureCerts: false, browserName: chrome, browserVersion: 139.0.7258.155, chrome: {chromedriverVersion: 139.0.7258.154 (9e0d6b2b47f..., userDataDir: C:\Users\DEAN~1.ASC\AppData...}, fedcm:accounts: true, goog:chromeOptions: {debuggerAddress: localhost:60998}, networkConnectionEnabled: false, pageLoadStrategy: normal, platformName: windows, proxy: Proxy(), se:cdp: ws://localhost:60998/devtoo..., se:cdpVersion: 139.0.7258.155, setWindowRect: true, strictFileInteractability: false, timeouts: {implicit: 0, pageLoad: 300000, script: 30000}, unhandledPromptBehavior: dismiss and notify, webauthn:extension:credBlob: true, webauthn:extension:largeBlob: true, webauthn:extension:minPinLength: true, webauthn:extension:prf: true, webauthn:virtualAuthenticators: true}
Element: [[ChromeDriver: chrome on windows (6a7bbc00994c0ba7033b244e3a42ba8d)] -> xpath: //div[@data-i18n='Admin']]
Session ID: 6a7bbc00994c0ba7033b244e3a42ba8d
at UtilipayV2Hybrid.testCases.RegressionClean.regression(RegressionClean.java:114)
at java.base/java.util.ArrayList.forEach(ArrayList.java:1596)
... Removed 26 stack frames]]>
    </failure>
  </testcase> <!-- regression -->
</testsuite> <!-- Utilipay Version 2 -->
