<?xml version="1.0" encoding="UTF-8"?>
<!-- Generated by org.testng.reporters.JUnitXMLReporter -->
<testsuite ignored="0" hostname="SEB-DEANAS-LPT" failures="0" tests="6" name="Utilipay Version 2" time="14.081" errors="0" timestamp="2025-08-19T10:21:39 SAST">
  <testcase classname="UtilipayV2Hybrid.testCases.Api" name="emsVendTest" time="1.735"/>
  <testcase classname="UtilipayV2Hybrid.testCases.Api" name="switchMeterLookup" time="5.235"/>
  <testcase classname="UtilipayV2Hybrid.testCases.Api" name="switchMunLookup" time="0.256"/>
  <testcase classname="UtilipayV2Hybrid.testCases.Api" name="switchVend" time="1.369"/>
  <testcase classname="UtilipayV2Hybrid.testCases.Api" name="confirmTransactionTest" time="0.193"/>
  <testcase classname="UtilipayV2Hybrid.testCases.Api" name="cancelTransactionTest" time="0.175"/>
</testsuite> <!-- Utilipay Version 2 -->
