<?xml version="1.0" encoding="UTF-8"?>
<!-- Generated by org.testng.reporters.JUnitXMLReporter -->
<testsuite ignored="0" hostname="SEB-DEANAS-LPT" failures="1" tests="6" name="Utilipay Version 2" time="30.503" errors="0" timestamp="2025-07-02T10:31:18 SAST">
  <testcase classname="UtilipayV2Hybrid.testCases.Api" name="emsVendTest" time="20.212"/>
  <testcase classname="UtilipayV2Hybrid.testCases.Api" name="switchMeterLookup" time="1.137"/>
  <testcase classname="UtilipayV2Hybrid.testCases.Api" name="switchMunLookup" time="0.151"/>
  <testcase classname="UtilipayV2Hybrid.testCases.Api" name="switchVend" time="0.277">
    <skipped/>
  </testcase> <!-- switchVend -->
  <testcase classname="UtilipayV2Hybrid.testCases.Api" name="switchVend" time="0.274">
    <failure type="java.lang.AssertionError" message="Switch vend request failed expected [200] but found [500]">
      <![CDATA[java.lang.AssertionError: Switch vend request failed expected [200] but found [500]
at UtilipayV2Hybrid.testCases.Api.switchVend(Api.java:170)
at java.base/java.util.ArrayList.forEach(ArrayList.java:1596)
... Removed 30 stack frames]]>
    </failure>
  </testcase> <!-- switchVend -->
  <testcase classname="UtilipayV2Hybrid.testCases.Api" name="confirmTransactionTest" time="0.277"/>
</testsuite> <!-- Utilipay Version 2 -->
