<?xml version="1.0" encoding="UTF-8"?>
<!-- Generated by org.testng.reporters.JUnitXMLReporter -->
<testsuite ignored="0" hostname="SEB-DEANAS-LPT" failures="0" tests="2" name="Utilipay Version 2" time="134.62" errors="0" timestamp="2025-05-16T13:50:34 SAST">
  <testcase classname="UtilipayV2Hybrid.testCases.EndToEnd" name="endToEndFlow" time="37.238">
    <skipped/>
  </testcase> <!-- endToEndFlow -->
  <testcase classname="UtilipayV2Hybrid.testCases.EndToEnd" name="endToEndFlow" time="69.85"/>
</testsuite> <!-- Utilipay Version 2 -->
