<?xml version="1.0" encoding="UTF-8"?>
<testsuite xmlns:xsi="http://www.w3.org/2001/XMLSchema-instance" xsi:noNamespaceSchemaLocation="https://maven.apache.org/surefire/maven-surefire-plugin/xsd/surefire-test-report.xsd" version="3.0.2" name="TestSuite" time="138.31" tests="2" errors="0" skipped="1" failures="0">
  <properties>
[...]
</properties>
  <testcase name="endToEndFlow" classname="UtilipayV2Hybrid.testCases.EndToEnd" time="0.0">
    <skipped message="End-to-end test failed: invalid selector: Unable to locate an element with the xpath expression //*[@id=\&quot;toast-container\&quot;]/div/div[2] because of the following error:&#10;SyntaxError: Failed to execute &apos;evaluate&apos; on &apos;Document&apos;: The string &apos;//*[@id=\&quot;toast-container\&quot;]/div/div[2]&apos; is not a valid XPath expression.&#10;  (Session info: MicrosoftEdge=136.0.3240.64)&#10;For documentation on this error, please visit: https://www.selenium.dev/documentation/webdriver/troubleshooting/errors#invalid-selector-exception&#10;Build info: version: &apos;4.32.0&apos;, revision: &apos;d17c8aa950&apos;&#10;System info: os.name: &apos;Windows 11&apos;, os.arch: &apos;amd64&apos;, os.version: &apos;10.0&apos;, java.version: &apos;21.0.5&apos;&#10;Driver info: org.openqa.selenium.edge.EdgeDriver&#10;Command: [7215956924f5070d886e3bec633c5148, findElement {value=//*[@id=\&quot;toast-container\&quot;]/div/div[2], using=xpath}]&#10;Capabilities {acceptInsecureCerts: false, browserName: MicrosoftEdge, browserVersion: 136.0.3240.64, fedcm:accounts: true, ms:edgeOptions: {debuggerAddress: localhost:62218}, msedge: {msedgedriverVersion: 136.0.3240.64 (e3a39d3fa3c6..., userDataDir: C:\Users\DEAN~1.ASC\AppData...}, networkConnectionEnabled: false, pageLoadStrategy: normal, platformName: windows, proxy: Proxy(), se:cdp: ws://localhost:62218/devtoo..., se:cdpVersion: 136.0.3240.64, setWindowRect: true, strictFileInteractability: false, timeouts: {implicit: 0, pageLoad: 300000, script: 30000}, unhandledPromptBehavior: dismiss and notify, webauthn:extension:credBlob: true, webauthn:extension:largeBlob: true, webauthn:extension:minPinLength: true, webauthn:extension:prf: true, webauthn:virtualAuthenticators: true}&#10;Session ID: 7215956924f5070d886e3bec633c5148"/>
    <system-out><![CDATA[2025-05-16T11:48:17.943934700Z main INFO Starting configuration XmlConfiguration[location=C:\Users\Dean.Aschendorf\source\repos\UtilipayV2_Hybrid\UtilipayV2Hybrid\target\test-classes\log4j2.xml, lastModified=2025-02-02T13:25:32.063Z]...
2025-05-16T11:48:17.946097200Z main INFO Start watching for changes to C:\Users\Dean.Aschendorf\source\repos\UtilipayV2_Hybrid\UtilipayV2Hybrid\target\test-classes\log4j2.xml every 0 seconds
2025-05-16T11:48:17.947413700Z main INFO Configuration XmlConfiguration[location=C:\Users\Dean.Aschendorf\source\repos\UtilipayV2_Hybrid\UtilipayV2Hybrid\target\test-classes\log4j2.xml, lastModified=2025-02-02T13:25:32.063Z] started.
2025-05-16T11:48:17.954325800Z main INFO Stopping configuration org.apache.logging.log4j.core.config.DefaultConfiguration@2df9b86...
2025-05-16T11:48:17.955321600Z main INFO Configuration org.apache.logging.log4j.core.config.DefaultConfiguration@2df9b86 stopped.
1. Login successful
2. Municipality Successfully created
Selected Option: Dean Municipality
]]></system-out>
    <system-err><![CDATA[SLF4J: Failed to load class "org.slf4j.impl.StaticLoggerBinder".
SLF4J: Defaulting to no-operation (NOP) logger implementation
SLF4J: See http://www.slf4j.org/codes.html#StaticLoggerBinder for further details.
]]></system-err>
  </testcase>
  <testcase name="endToEndFlow" classname="UtilipayV2Hybrid.testCases.EndToEnd" time="69.712">
    <system-out><![CDATA[2. Municipality already exists in the database — skipping creation
4. Vending channel successfully configured
5. File upload successful
Manage Sgc link clicked
Manage Tariff link clicked
6. Tariff and steps successfully created
Proceeding with action on meter: 00000000109
Transaction Breakdown:   Prepaid Breakdown
R 75   Amount (Incl VAT)
R 25   Arrears Recovered (Incl. VAT)
R 0   Basic Charge Paid
R 65.22   Vended Amount (Excl. VAT)
R 4542.04   Arrears Outstanding

6 kl @ R 1 / kl
4 kl @ R 3 / kl
11.9 kl @ R 4 / kl

Total Units:   21.9 kl   
Meter ID: 87468
Last Step: 6 kl @ R 1 / kl
4 kl @ R 3 / kl
11.9 kl @ R 4 / kl

Units: 21.9
]]></system-out>
  </testcase>
</testsuite>