<?xml version="1.0" encoding="UTF-8"?>
<testng-results ignored="0" total="1" passed="1" failed="0" skipped="0">
  <reporter-output>
  </reporter-output>
  <suite started-at="2025-09-18T10:40:12 SAST" name="Suite" finished-at="2025-09-18T10:40:30 SAST" duration-ms="18008">
    <groups>
      <group name="Regression">
        <method signature="AddUser.create_New_User()[pri:0, instance:UtilipayV2Hybrid.testCases.AddUser@18920cc]" name="create_New_User" class="UtilipayV2Hybrid.testCases.AddUser"/>
      </group> <!-- Regression -->
    </groups>
    <test started-at="2025-09-18T10:40:12 SAST" name="Utilipay Version 2" finished-at="2025-09-18T10:40:30 SAST" duration-ms="18008">
      <class name="UtilipayV2Hybrid.testCases.AddUser">
        <test-method is-config="true" signature="setUp(java.lang.String,java.lang.String)[pri:0, instance:UtilipayV2Hybrid.testCases.AddUser@18920cc]" started-at="2025-09-18T10:40:12 SAST" name="setUp" finished-at="2025-09-18T10:40:19 SAST" duration-ms="7090" status="PASS">
          <params>
            <param index="0">
              <value>
                <![CDATA[chrome]]>
              </value>
            </param>
            <param index="1">
              <value>
                <![CDATA[prepaid]]>
              </value>
            </param>
          </params>
          <reporter-output>
          </reporter-output>
        </test-method> <!-- setUp -->
        <test-method signature="create_New_User()[pri:0, instance:UtilipayV2Hybrid.testCases.AddUser@18920cc]" started-at="2025-09-18T10:40:19 SAST" name="create_New_User" finished-at="2025-09-18T10:40:29 SAST" duration-ms="10285" status="PASS">
          <reporter-output>
          </reporter-output>
        </test-method> <!-- create_New_User -->
        <test-method is-config="true" signature="tearDown()[pri:0, instance:UtilipayV2Hybrid.testCases.AddUser@18920cc]" started-at="2025-09-18T10:40:30 SAST" name="tearDown" finished-at="2025-09-18T10:40:30 SAST" duration-ms="369" status="PASS">
          <reporter-output>
          </reporter-output>
        </test-method> <!-- tearDown -->
      </class> <!-- UtilipayV2Hybrid.testCases.AddUser -->
    </test> <!-- Utilipay Version 2 -->
  </suite> <!-- Suite -->
</testng-results>
