<?xml version="1.0" encoding="UTF-8"?>
<testng-results ignored="0" total="1" passed="1" failed="0" skipped="0">
  <reporter-output>
  </reporter-output>
  <suite started-at="2025-06-19T09:34:45 SAST" name="Suite" finished-at="2025-06-19T09:35:18 SAST" duration-ms="32692">
    <groups>
      <group name="Regression">
        <method signature="AddUser.create_New_User()[pri:0, instance:UtilipayV2Hybrid.testCases.AddUser@62e70ea3]" name="create_New_User" class="UtilipayV2Hybrid.testCases.AddUser"/>
      </group> <!-- Regression -->
    </groups>
    <test started-at="2025-06-19T09:34:45 SAST" name="Utilipay Version 2" finished-at="2025-06-19T09:35:18 SAST" duration-ms="32692">
      <class name="UtilipayV2Hybrid.testCases.AddUser">
        <test-method is-config="true" signature="setUp(java.lang.String)[pri:0, instance:UtilipayV2Hybrid.testCases.AddUser@62e70ea3]" started-at="2025-06-19T09:34:46 SAST" name="setUp" finished-at="2025-06-19T09:34:52 SAST" duration-ms="6255" status="PASS">
          <params>
            <param index="0">
              <value>
                <![CDATA[edge]]>
              </value>
            </param>
          </params>
          <reporter-output>
          </reporter-output>
        </test-method> <!-- setUp -->
        <test-method signature="create_New_User()[pri:0, instance:UtilipayV2Hybrid.testCases.AddUser@62e70ea3]" started-at="2025-06-19T09:34:52 SAST" name="create_New_User" finished-at="2025-06-19T09:35:16 SAST" duration-ms="24448" status="PASS">
          <reporter-output>
          </reporter-output>
        </test-method> <!-- create_New_User -->
        <test-method is-config="true" signature="tearDown()[pri:0, instance:UtilipayV2Hybrid.testCases.AddUser@62e70ea3]" started-at="2025-06-19T09:35:16 SAST" name="tearDown" finished-at="2025-06-19T09:35:18 SAST" duration-ms="1655" status="PASS">
          <reporter-output>
          </reporter-output>
        </test-method> <!-- tearDown -->
      </class> <!-- UtilipayV2Hybrid.testCases.AddUser -->
    </test> <!-- Utilipay Version 2 -->
  </suite> <!-- Suite -->
</testng-results>
