<?xml version="1.0" encoding="UTF-8"?>
<testng-results ignored="0" total="1" passed="1" failed="0" skipped="0">
  <reporter-output>
  </reporter-output>
  <suite started-at="2025-08-13T09:04:11 SAST" name="Suite" finished-at="2025-08-13T09:05:17 SAST" duration-ms="65284">
    <groups>
    </groups>
    <test started-at="2025-08-13T09:04:11 SAST" name="Utilipay Version 2" finished-at="2025-08-13T09:05:17 SAST" duration-ms="65284">
      <class name="UtilipayV2Hybrid.testCases.OnlinePurchase">
        <test-method is-config="true" signature="setUp(java.lang.String)[pri:0, instance:UtilipayV2Hybrid.testCases.OnlinePurchase@3016fd5e]" started-at="2025-08-13T09:04:11 SAST" name="setUp" finished-at="2025-08-13T09:04:18 SAST" duration-ms="6509" status="PASS">
          <params>
            <param index="0">
              <value>
                <![CDATA[chrome]]>
              </value>
            </param>
          </params>
          <reporter-output>
          </reporter-output>
        </test-method> <!-- setUp -->
        <test-method is-config="true" signature="setup()[pri:0, instance:UtilipayV2Hybrid.testCases.OnlinePurchase@3016fd5e]" started-at="2025-08-13T09:04:18 SAST" name="setup" finished-at="2025-08-13T09:04:18 SAST" duration-ms="94" status="PASS">
          <reporter-output>
          </reporter-output>
        </test-method> <!-- setup -->
        <test-method signature="doOnlinePurchase()[pri:0, instance:UtilipayV2Hybrid.testCases.OnlinePurchase@3016fd5e]" started-at="2025-08-13T09:04:18 SAST" name="doOnlinePurchase" finished-at="2025-08-13T09:05:16 SAST" duration-ms="57950" status="PASS">
          <reporter-output>
          </reporter-output>
        </test-method> <!-- doOnlinePurchase -->
        <test-method is-config="true" signature="tearDown()[pri:0, instance:UtilipayV2Hybrid.testCases.OnlinePurchase@3016fd5e]" started-at="2025-08-13T09:05:16 SAST" name="tearDown" finished-at="2025-08-13T09:05:16 SAST" duration-ms="395" status="PASS">
          <reporter-output>
          </reporter-output>
        </test-method> <!-- tearDown -->
      </class> <!-- UtilipayV2Hybrid.testCases.OnlinePurchase -->
    </test> <!-- Utilipay Version 2 -->
  </suite> <!-- Suite -->
</testng-results>
