<?xml version="1.0" encoding="UTF-8"?>
<testng-results retried="1" ignored="0" total="2" passed="0" failed="1" skipped="0">
  <reporter-output>
  </reporter-output>
  <suite started-at="2025-08-19T11:13:28 SAST" name="Suite" finished-at="2025-08-19T11:21:25 SAST" duration-ms="477383">
    <groups>
      <group name="Regression">
        <method signature="RegressionClean.regression()[pri:0, instance:UtilipayV2Hybrid.testCases.RegressionClean@60fa3495]" name="regression" class="UtilipayV2Hybrid.testCases.RegressionClean"/>
      </group> <!-- Regression -->
    </groups>
    <test started-at="2025-08-19T11:13:28 SAST" name="Utilipay Version 2" finished-at="2025-08-19T11:21:25 SAST" duration-ms="477383">
      <class name="UtilipayV2Hybrid.testCases.RegressionClean">
        <test-method is-config="true" signature="setUp(java.lang.String)[pri:0, instance:UtilipayV2Hybrid.testCases.RegressionClean@60fa3495]" started-at="2025-08-19T11:13:28 SAST" name="setUp" finished-at="2025-08-19T11:13:39 SAST" duration-ms="11338" status="PASS">
          <params>
            <param index="0">
              <value>
                <![CDATA[edge]]>
              </value>
            </param>
          </params>
          <reporter-output>
          </reporter-output>
        </test-method> <!-- setUp -->
        <test-method is-config="true" signature="loginOnce()[pri:0, instance:UtilipayV2Hybrid.testCases.RegressionClean@60fa3495]" started-at="2025-08-19T11:13:39 SAST" name="loginOnce" finished-at="2025-08-19T11:14:45 SAST" duration-ms="65715" status="PASS">
          <reporter-output>
          </reporter-output>
        </test-method> <!-- loginOnce -->
        <test-method retried="true" signature="regression()[pri:0, instance:UtilipayV2Hybrid.testCases.RegressionClean@60fa3495]" started-at="2025-08-19T11:14:45 SAST" name="regression" finished-at="2025-08-19T11:21:02 SAST" duration-ms="376827" status="SKIP">
          <exception class="java.lang.AssertionError">
            <message>
              <![CDATA[Exception during purchase: Expected condition failed: waiting for element to be clickable: [[EdgeDriver: MicrosoftEdge on windows (902690af1bd5d7ab07194715b7f9f73d)] -> xpath: //button[normalize-space()='Continue']] (tried for 10 second(s) with 500 milliseconds interval)
Build info: version: '4.35.0', revision: '1c58e5028b'
System info: os.name: 'Windows 11', os.arch: 'amd64', os.version: '10.0', java.version: '21.0.5'
Driver info: org.openqa.selenium.edge.EdgeDriver
Capabilities {acceptInsecureCerts: false, browserName: MicrosoftEdge, browserVersion: 139.0.3405.102, fedcm:accounts: true, ms:edgeOptions: {debuggerAddress: localhost:63938}, msedge: {msedgedriverVersion: 139.0.3405.102 (7dccc8fa00f..., userDataDir: C:\Users\DEAN~1.ASC\AppData...}, networkConnectionEnabled: false, pageLoadStrategy: normal, platformName: windows, proxy: Proxy(), se:cdp: ws://localhost:63938/devtoo..., se:cdpVersion: 139.0.3405.102, setWindowRect: true, strictFileInteractability: false, timeouts: {implicit: 0, pageLoad: 300000, script: 30000}, unhandledPromptBehavior: dismiss and notify, webauthn:extension:credBlob: true, webauthn:extension:largeBlob: true, webauthn:extension:minPinLength: true, webauthn:extension:prf: true, webauthn:virtualAuthenticators: true}
Session ID: 902690af1bd5d7ab07194715b7f9f73d]]>
            </message>
            <full-stacktrace>
              <![CDATA[java.lang.AssertionError: Exception during purchase: Expected condition failed: waiting for element to be clickable: [[EdgeDriver: MicrosoftEdge on windows (902690af1bd5d7ab07194715b7f9f73d)] -> xpath: //button[normalize-space()='Continue']] (tried for 10 second(s) with 500 milliseconds interval)
Build info: version: '4.35.0', revision: '1c58e5028b'
System info: os.name: 'Windows 11', os.arch: 'amd64', os.version: '10.0', java.version: '21.0.5'
Driver info: org.openqa.selenium.edge.EdgeDriver
Capabilities {acceptInsecureCerts: false, browserName: MicrosoftEdge, browserVersion: 139.0.3405.102, fedcm:accounts: true, ms:edgeOptions: {debuggerAddress: localhost:63938}, msedge: {msedgedriverVersion: 139.0.3405.102 (7dccc8fa00f..., userDataDir: C:\Users\DEAN~1.ASC\AppData...}, networkConnectionEnabled: false, pageLoadStrategy: normal, platformName: windows, proxy: Proxy(), se:cdp: ws://localhost:63938/devtoo..., se:cdpVersion: 139.0.3405.102, setWindowRect: true, strictFileInteractability: false, timeouts: {implicit: 0, pageLoad: 300000, script: 30000}, unhandledPromptBehavior: dismiss and notify, webauthn:extension:credBlob: true, webauthn:extension:largeBlob: true, webauthn:extension:minPinLength: true, webauthn:extension:prf: true, webauthn:virtualAuthenticators: true}
Session ID: 902690af1bd5d7ab07194715b7f9f73d
at org.testng.Assert.fail(Assert.java:99)
at UtilipayV2Hybrid.testCases.RegressionClean.purchase(RegressionClean.java:608)
at UtilipayV2Hybrid.testCases.RegressionClean.regression(RegressionClean.java:105)
at java.base/jdk.internal.reflect.DirectMethodHandleAccessor.invoke(DirectMethodHandleAccessor.java:103)
at java.base/java.lang.reflect.Method.invoke(Method.java:580)
at org.testng.internal.MethodInvocationHelper.invokeMethod(MethodInvocationHelper.java:133)
at org.testng.internal.TestInvoker.invokeMethod(TestInvoker.java:598)
at org.testng.internal.TestInvoker.invokeTestMethod(TestInvoker.java:173)
at org.testng.internal.MethodRunner.runInSequence(MethodRunner.java:46)
at org.testng.internal.TestInvoker$MethodInvocationAgent.invoke(TestInvoker.java:824)
at org.testng.internal.TestInvoker.invokeTestMethods(TestInvoker.java:146)
at org.testng.internal.TestMethodWorker.invokeTestMethods(TestMethodWorker.java:146)
at org.testng.internal.TestMethodWorker.run(TestMethodWorker.java:128)
at java.base/java.util.ArrayList.forEach(ArrayList.java:1596)
at org.testng.TestRunner.privateRun(TestRunner.java:794)
at org.testng.TestRunner.run(TestRunner.java:596)
at org.testng.SuiteRunner.runTest(SuiteRunner.java:377)
at org.testng.SuiteRunner.runSequentially(SuiteRunner.java:371)
at org.testng.SuiteRunner.privateRun(SuiteRunner.java:332)
at org.testng.SuiteRunner.run(SuiteRunner.java:276)
at org.testng.SuiteRunnerWorker.runSuite(SuiteRunnerWorker.java:53)
at org.testng.SuiteRunnerWorker.run(SuiteRunnerWorker.java:96)
at org.testng.TestNG.runSuitesSequentially(TestNG.java:1212)
at org.testng.TestNG.runSuitesLocally(TestNG.java:1134)
at org.testng.TestNG.runSuites(TestNG.java:1063)
at org.testng.TestNG.run(TestNG.java:1031)
at org.testng.remote.AbstractRemoteTestNG.run(AbstractRemoteTestNG.java:115)
at org.testng.remote.RemoteTestNG.initAndRun(RemoteTestNG.java:293)
at org.testng.remote.RemoteTestNG.main(RemoteTestNG.java:91)
]]>
            </full-stacktrace>
          </exception> <!-- java.lang.AssertionError -->
          <reporter-output>
          </reporter-output>
        </test-method> <!-- regression -->
        <test-method signature="regression()[pri:0, instance:UtilipayV2Hybrid.testCases.RegressionClean@60fa3495]" started-at="2025-08-19T11:21:02 SAST" name="regression" finished-at="2025-08-19T11:21:23 SAST" duration-ms="20539" status="FAIL">
          <exception class="java.lang.AssertionError">
            <message>
              <![CDATA[Regression test failed: Expected condition failed: waiting for element to be clickable: Proxy element for: DefaultElementLocator 'By.partialLinkText: Municipal Maintenance' (tried for 10 second(s) with 500 milliseconds interval)]]>
            </message>
            <full-stacktrace>
              <![CDATA[java.lang.AssertionError: Regression test failed: Expected condition failed: waiting for element to be clickable: Proxy element for: DefaultElementLocator 'By.partialLinkText: Municipal Maintenance' (tried for 10 second(s) with 500 milliseconds interval)
at org.testng.Assert.fail(Assert.java:99)
at UtilipayV2Hybrid.testCases.RegressionClean.regression(RegressionClean.java:110)
at java.base/jdk.internal.reflect.DirectMethodHandleAccessor.invoke(DirectMethodHandleAccessor.java:103)
at java.base/java.lang.reflect.Method.invoke(Method.java:580)
at org.testng.internal.MethodInvocationHelper.invokeMethod(MethodInvocationHelper.java:133)
at org.testng.internal.TestInvoker.invokeMethod(TestInvoker.java:598)
at org.testng.internal.TestInvoker.retryFailed(TestInvoker.java:213)
at org.testng.internal.MethodRunner.runInSequence(MethodRunner.java:58)
at org.testng.internal.TestInvoker$MethodInvocationAgent.invoke(TestInvoker.java:824)
at org.testng.internal.TestInvoker.invokeTestMethods(TestInvoker.java:146)
at org.testng.internal.TestMethodWorker.invokeTestMethods(TestMethodWorker.java:146)
at org.testng.internal.TestMethodWorker.run(TestMethodWorker.java:128)
at java.base/java.util.ArrayList.forEach(ArrayList.java:1596)
at org.testng.TestRunner.privateRun(TestRunner.java:794)
at org.testng.TestRunner.run(TestRunner.java:596)
at org.testng.SuiteRunner.runTest(SuiteRunner.java:377)
at org.testng.SuiteRunner.runSequentially(SuiteRunner.java:371)
at org.testng.SuiteRunner.privateRun(SuiteRunner.java:332)
at org.testng.SuiteRunner.run(SuiteRunner.java:276)
at org.testng.SuiteRunnerWorker.runSuite(SuiteRunnerWorker.java:53)
at org.testng.SuiteRunnerWorker.run(SuiteRunnerWorker.java:96)
at org.testng.TestNG.runSuitesSequentially(TestNG.java:1212)
at org.testng.TestNG.runSuitesLocally(TestNG.java:1134)
at org.testng.TestNG.runSuites(TestNG.java:1063)
at org.testng.TestNG.run(TestNG.java:1031)
at org.testng.remote.AbstractRemoteTestNG.run(AbstractRemoteTestNG.java:115)
at org.testng.remote.RemoteTestNG.initAndRun(RemoteTestNG.java:293)
at org.testng.remote.RemoteTestNG.main(RemoteTestNG.java:91)
]]>
            </full-stacktrace>
          </exception> <!-- java.lang.AssertionError -->
          <reporter-output>
          </reporter-output>
        </test-method> <!-- regression -->
        <test-method is-config="true" signature="tearDown()[pri:0, instance:UtilipayV2Hybrid.testCases.RegressionClean@60fa3495]" started-at="2025-08-19T11:21:23 SAST" name="tearDown" finished-at="2025-08-19T11:21:25 SAST" duration-ms="2277" status="PASS">
          <reporter-output>
          </reporter-output>
        </test-method> <!-- tearDown -->
      </class> <!-- UtilipayV2Hybrid.testCases.RegressionClean -->
    </test> <!-- Utilipay Version 2 -->
  </suite> <!-- Suite -->
</testng-results>
