<?xml version="1.0" encoding="UTF-8"?>
<testng-results ignored="0" total="1" passed="1" failed="0" skipped="0">
  <reporter-output>
  </reporter-output>
  <suite started-at="2025-07-18T11:22:21 SAST" name="Suite" finished-at="2025-07-18T11:22:42 SAST" duration-ms="20715">
    <groups>
      <group name="Regression">
        <method signature="Import_Export.importExportTest()[pri:0, instance:UtilipayV2Hybrid.testCases.Import_Export@2a1edad4]" name="importExportTest" class="UtilipayV2Hybrid.testCases.Import_Export"/>
      </group> <!-- Regression -->
    </groups>
    <test started-at="2025-07-18T11:22:21 SAST" name="Chrome" finished-at="2025-07-18T11:22:21 SAST" duration-ms="176">
    </test> <!-- Chrome -->
    <test started-at="2025-07-18T11:22:21 SAST" name="Edge" finished-at="2025-07-18T11:22:21 SAST" duration-ms="87">
    </test> <!-- Edge -->
    <test started-at="2025-07-18T11:22:21 SAST" name="Firefox" finished-at="2025-07-18T11:22:42 SAST" duration-ms="20715">
      <class name="UtilipayV2Hybrid.testCases.Import_Export">
        <test-method is-config="true" signature="setUp(java.lang.String)[pri:0, instance:UtilipayV2Hybrid.testCases.Import_Export@2a1edad4]" started-at="2025-07-18T11:22:21 SAST" name="setUp" finished-at="2025-07-18T11:22:29 SAST" duration-ms="7373" status="PASS">
          <params>
            <param index="0">
              <value>
                <![CDATA[firefox]]>
              </value>
            </param>
          </params>
          <reporter-output>
          </reporter-output>
        </test-method> <!-- setUp -->
        <test-method signature="importExportTest()[pri:0, instance:UtilipayV2Hybrid.testCases.Import_Export@2a1edad4]" started-at="2025-07-18T11:22:29 SAST" name="importExportTest" finished-at="2025-07-18T11:22:41 SAST" duration-ms="12085" status="PASS">
          <reporter-output>
          </reporter-output>
        </test-method> <!-- importExportTest -->
        <test-method is-config="true" signature="tearDown()[pri:0, instance:UtilipayV2Hybrid.testCases.Import_Export@2a1edad4]" started-at="2025-07-18T11:22:41 SAST" name="tearDown" finished-at="2025-07-18T11:22:42 SAST" duration-ms="1115" status="PASS">
          <reporter-output>
          </reporter-output>
        </test-method> <!-- tearDown -->
      </class> <!-- UtilipayV2Hybrid.testCases.Import_Export -->
    </test> <!-- Firefox -->
  </suite> <!-- Suite -->
</testng-results>
