<?xml version="1.0" encoding="UTF-8"?>
<testng-results ignored="0" total="1" passed="1" failed="0" skipped="0">
  <reporter-output>
  </reporter-output>
  <suite started-at="2025-08-26T09:31:17 SAST" name="Suite" finished-at="2025-08-26T09:32:19 SAST" duration-ms="62637">
    <groups>
    </groups>
    <test started-at="2025-08-26T09:31:17 SAST" name="Utilipay Version 2" finished-at="2025-08-26T09:32:19 SAST" duration-ms="62637">
      <class name="UtilipayV2Hybrid.testCases.GenerateTransactionHistory">
        <test-method is-config="true" signature="setUp(java.lang.String,java.lang.String)[pri:0, instance:UtilipayV2Hybrid.testCases.GenerateTransactionHistory@53d102a2]" started-at="2025-08-26T09:31:17 SAST" name="setUp" finished-at="2025-08-26T09:31:20 SAST" duration-ms="2898" status="PASS">
          <params>
            <param index="0">
              <value>
                <![CDATA[chrome]]>
              </value>
            </param>
            <param index="1">
              <value>
                <![CDATA[prepaid]]>
              </value>
            </param>
          </params>
          <reporter-output>
          </reporter-output>
        </test-method> <!-- setUp -->
        <test-method is-config="true" signature="loginOnce()[pri:0, instance:UtilipayV2Hybrid.testCases.GenerateTransactionHistory@53d102a2]" started-at="2025-08-26T09:31:20 SAST" name="loginOnce" finished-at="2025-08-26T09:31:20 SAST" duration-ms="620" status="PASS">
          <reporter-output>
          </reporter-output>
        </test-method> <!-- loginOnce -->
        <test-method signature="generateTranHistory()[pri:0, instance:UtilipayV2Hybrid.testCases.GenerateTransactionHistory@53d102a2]" started-at="2025-08-26T09:31:20 SAST" name="generateTranHistory" finished-at="2025-08-26T09:32:19 SAST" duration-ms="58672" status="PASS">
          <reporter-output>
          </reporter-output>
        </test-method> <!-- generateTranHistory -->
        <test-method is-config="true" signature="tearDown()[pri:0, instance:UtilipayV2Hybrid.testCases.GenerateTransactionHistory@53d102a2]" started-at="2025-08-26T09:32:19 SAST" name="tearDown" finished-at="2025-08-26T09:32:19 SAST" duration-ms="256" status="PASS">
          <reporter-output>
          </reporter-output>
        </test-method> <!-- tearDown -->
      </class> <!-- UtilipayV2Hybrid.testCases.GenerateTransactionHistory -->
    </test> <!-- Utilipay Version 2 -->
  </suite> <!-- Suite -->
</testng-results>
