<?xml version="1.0" encoding="UTF-8"?>
<testng-results ignored="0" total="1" passed="1" failed="0" skipped="0">
  <reporter-output>
  </reporter-output>
  <suite started-at="2025-07-21T16:50:27 SAST" name="Suite" finished-at="2025-07-21T16:52:26 SAST" duration-ms="119234">
    <groups>
      <group name="Regression">
        <method signature="BulkEngineeringTokens.generateEngineeringTokens()[pri:0, instance:UtilipayV2Hybrid.testCases.BulkEngineeringTokens@28276e50]" name="generateEngineeringTokens" class="UtilipayV2Hybrid.testCases.BulkEngineeringTokens"/>
      </group> <!-- Regression -->
    </groups>
    <test started-at="2025-07-21T16:50:27 SAST" name="Utilipay Version 2" finished-at="2025-07-21T16:52:26 SAST" duration-ms="119234">
      <class name="UtilipayV2Hybrid.testCases.BulkEngineeringTokens">
        <test-method is-config="true" signature="setUp(java.lang.String)[pri:0, instance:UtilipayV2Hybrid.testCases.BulkEngineeringTokens@28276e50]" started-at="2025-07-21T16:50:27 SAST" name="setUp" finished-at="2025-07-21T16:50:36 SAST" duration-ms="9163" status="PASS">
          <params>
            <param index="0">
              <value>
                <![CDATA[chrome]]>
              </value>
            </param>
          </params>
          <reporter-output>
          </reporter-output>
        </test-method> <!-- setUp -->
        <test-method signature="generateEngineeringTokens()[pri:0, instance:UtilipayV2Hybrid.testCases.BulkEngineeringTokens@28276e50]" started-at="2025-07-21T16:50:36 SAST" name="generateEngineeringTokens" finished-at="2025-07-21T16:52:26 SAST" duration-ms="109391" status="PASS">
          <reporter-output>
          </reporter-output>
        </test-method> <!-- generateEngineeringTokens -->
        <test-method is-config="true" signature="tearDown()[pri:0, instance:UtilipayV2Hybrid.testCases.BulkEngineeringTokens@28276e50]" started-at="2025-07-21T16:52:26 SAST" name="tearDown" finished-at="2025-07-21T16:52:26 SAST" duration-ms="335" status="PASS">
          <reporter-output>
          </reporter-output>
        </test-method> <!-- tearDown -->
      </class> <!-- UtilipayV2Hybrid.testCases.BulkEngineeringTokens -->
    </test> <!-- Utilipay Version 2 -->
  </suite> <!-- Suite -->
</testng-results>
