<?xml version="1.0" encoding="UTF-8"?>
<testng-results ignored="0" total="1" passed="1" failed="0" skipped="0">
  <reporter-output>
  </reporter-output>
  <suite started-at="2025-09-18T16:28:54 SAST" name="Suite" finished-at="2025-09-18T16:30:08 SAST" duration-ms="73701">
    <groups>
      <group name="Regression">
        <method signature="Reporting.generateAllReportsAndAssertStatusMessages()[pri:0, instance:UtilipayV2Hybrid.testCases.Reporting@48d5f34e]" name="generateAllReportsAndAssertStatusMessages" class="UtilipayV2Hybrid.testCases.Reporting"/>
      </group> <!-- Regression -->
    </groups>
    <test started-at="2025-09-18T16:28:54 SAST" name="Utilipay Version 2" finished-at="2025-09-18T16:30:08 SAST" duration-ms="73701">
      <class name="UtilipayV2Hybrid.testCases.Reporting">
        <test-method is-config="true" signature="setUp(java.lang.String,java.lang.String)[pri:0, instance:UtilipayV2Hybrid.testCases.Reporting@48d5f34e]" started-at="2025-09-18T16:28:54 SAST" name="setUp" finished-at="2025-09-18T16:28:59 SAST" duration-ms="4332" status="PASS">
          <params>
            <param index="0">
              <value>
                <![CDATA[chrome]]>
              </value>
            </param>
            <param index="1">
              <value>
                <![CDATA[prepaid]]>
              </value>
            </param>
          </params>
          <reporter-output>
          </reporter-output>
        </test-method> <!-- setUp -->
        <test-method is-config="true" signature="setupReportingModule()[pri:0, instance:UtilipayV2Hybrid.testCases.Reporting@48d5f34e]" started-at="2025-09-18T16:28:59 SAST" name="setupReportingModule" finished-at="2025-09-18T16:29:01 SAST" duration-ms="2538" status="PASS">
          <reporter-output>
          </reporter-output>
        </test-method> <!-- setupReportingModule -->
        <test-method signature="generateAllReportsAndAssertStatusMessages()[pri:0, instance:UtilipayV2Hybrid.testCases.Reporting@48d5f34e]" started-at="2025-09-18T16:29:01 SAST" name="generateAllReportsAndAssertStatusMessages" finished-at="2025-09-18T16:30:08 SAST" duration-ms="66351" status="PASS">
          <reporter-output>
          </reporter-output>
        </test-method> <!-- generateAllReportsAndAssertStatusMessages -->
        <test-method is-config="true" signature="tearDown()[pri:0, instance:UtilipayV2Hybrid.testCases.Reporting@48d5f34e]" started-at="2025-09-18T16:30:08 SAST" name="tearDown" finished-at="2025-09-18T16:30:08 SAST" duration-ms="252" status="PASS">
          <reporter-output>
          </reporter-output>
        </test-method> <!-- tearDown -->
      </class> <!-- UtilipayV2Hybrid.testCases.Reporting -->
    </test> <!-- Utilipay Version 2 -->
  </suite> <!-- Suite -->
</testng-results>
