<?xml version="1.0" encoding="UTF-8"?>
<testng-results ignored="0" total="1" passed="1" failed="0" skipped="0">
  <reporter-output>
  </reporter-output>
  <suite started-at="2025-07-17T12:38:11 SAST" name="Suite" finished-at="2025-07-17T12:39:51 SAST" duration-ms="99971">
    <groups>
      <group name="Regression">
        <method signature="Import_Export.importTest()[pri:0, instance:UtilipayV2Hybrid.testCases.Import_Export@226642a5]" name="importTest" class="UtilipayV2Hybrid.testCases.Import_Export"/>
      </group> <!-- Regression -->
    </groups>
    <test started-at="2025-07-17T12:38:11 SAST" name="Utilipay Version 2" finished-at="2025-07-17T12:39:51 SAST" duration-ms="99971">
      <class name="UtilipayV2Hybrid.testCases.Import_Export">
        <test-method is-config="true" signature="setUp(java.lang.String)[pri:0, instance:UtilipayV2Hybrid.testCases.Import_Export@226642a5]" started-at="2025-07-17T12:38:11 SAST" name="setUp" finished-at="2025-07-17T12:38:15 SAST" duration-ms="3854" status="PASS">
          <params>
            <param index="0">
              <value>
                <![CDATA[chrome]]>
              </value>
            </param>
          </params>
          <reporter-output>
          </reporter-output>
        </test-method> <!-- setUp -->
        <test-method signature="importTest()[pri:0, instance:UtilipayV2Hybrid.testCases.Import_Export@226642a5]" started-at="2025-07-17T12:38:15 SAST" name="importTest" finished-at="2025-07-17T12:39:50 SAST" duration-ms="95267" status="PASS">
          <reporter-output>
          </reporter-output>
        </test-method> <!-- importTest -->
        <test-method is-config="true" signature="tearDown()[pri:0, instance:UtilipayV2Hybrid.testCases.Import_Export@226642a5]" started-at="2025-07-17T12:39:50 SAST" name="tearDown" finished-at="2025-07-17T12:39:51 SAST" duration-ms="476" status="PASS">
          <reporter-output>
          </reporter-output>
        </test-method> <!-- tearDown -->
      </class> <!-- UtilipayV2Hybrid.testCases.Import_Export -->
    </test> <!-- Utilipay Version 2 -->
  </suite> <!-- Suite -->
</testng-results>
