<?xml version="1.0" encoding="UTF-8"?>
<testng-results ignored="0" total="1" passed="1" failed="0" skipped="0">
  <reporter-output>
  </reporter-output>
  <suite started-at="2025-06-24T07:13:18 SAST" name="Suite" finished-at="2025-06-24T07:13:50 SAST" duration-ms="32471">
    <groups>
      <group name="Regression">
        <method signature="EngineeringTokens.generateEngineeringTokens()[pri:0, instance:UtilipayV2Hybrid.testCases.EngineeringTokens@62e70ea3]" name="generateEngineeringTokens" class="UtilipayV2Hybrid.testCases.EngineeringTokens"/>
      </group> <!-- Regression -->
    </groups>
    <test started-at="2025-06-24T07:13:18 SAST" name="Utilipay Version 2" finished-at="2025-06-24T07:13:50 SAST" duration-ms="32471">
      <class name="UtilipayV2Hybrid.testCases.EngineeringTokens">
        <test-method is-config="true" signature="setUp(java.lang.String)[pri:0, instance:UtilipayV2Hybrid.testCases.EngineeringTokens@62e70ea3]" started-at="2025-06-24T07:13:18 SAST" name="setUp" finished-at="2025-06-24T07:13:37 SAST" duration-ms="18807" status="PASS">
          <params>
            <param index="0">
              <value>
                <![CDATA[chrome]]>
              </value>
            </param>
          </params>
          <reporter-output>
          </reporter-output>
        </test-method> <!-- setUp -->
        <test-method signature="generateEngineeringTokens()[pri:0, instance:UtilipayV2Hybrid.testCases.EngineeringTokens@62e70ea3]" started-at="2025-06-24T07:13:37 SAST" name="generateEngineeringTokens" finished-at="2025-06-24T07:13:48 SAST" duration-ms="10449" status="PASS">
          <reporter-output>
          </reporter-output>
        </test-method> <!-- generateEngineeringTokens -->
        <test-method is-config="true" signature="tearDown()[pri:0, instance:UtilipayV2Hybrid.testCases.EngineeringTokens@62e70ea3]" started-at="2025-06-24T07:13:48 SAST" name="tearDown" finished-at="2025-06-24T07:13:50 SAST" duration-ms="2819" status="PASS">
          <reporter-output>
          </reporter-output>
        </test-method> <!-- tearDown -->
      </class> <!-- UtilipayV2Hybrid.testCases.EngineeringTokens -->
    </test> <!-- Utilipay Version 2 -->
  </suite> <!-- Suite -->
</testng-results>
