<?xml version="1.0" encoding="UTF-8"?>
<testng-results ignored="0" total="6" passed="6" failed="0" skipped="0">
  <reporter-output>
  </reporter-output>
  <suite started-at="2025-08-19T10:21:25 SAST" name="Suite" finished-at="2025-08-19T10:21:39 SAST" duration-ms="14081">
    <groups>
    </groups>
    <test started-at="2025-08-19T10:21:25 SAST" name="Utilipay Version 2" finished-at="2025-08-19T10:21:39 SAST" duration-ms="14081">
      <class name="UtilipayV2Hybrid.testCases.Api">
        <test-method is-config="true" signature="authentication()[pri:0, instance:UtilipayV2Hybrid.testCases.Api@767e20cf]" started-at="2025-08-19T10:21:26 SAST" name="authentication" finished-at="2025-08-19T10:21:30 SAST" duration-ms="4653" status="PASS">
          <reporter-output>
          </reporter-output>
        </test-method> <!-- authentication -->
        <test-method signature="emsVendTest()[pri:0, instance:UtilipayV2Hybrid.testCases.Api@767e20cf]" started-at="2025-08-19T10:21:30 SAST" name="emsVendTest" finished-at="2025-08-19T10:21:32 SAST" duration-ms="1735" status="PASS">
          <reporter-output>
          </reporter-output>
        </test-method> <!-- emsVendTest -->
        <test-method signature="switchMeterLookup()[pri:0, instance:UtilipayV2Hybrid.testCases.Api@767e20cf]" started-at="2025-08-19T10:21:32 SAST" name="switchMeterLookup" finished-at="2025-08-19T10:21:37 SAST" duration-ms="5235" status="PASS">
          <reporter-output>
          </reporter-output>
        </test-method> <!-- switchMeterLookup -->
        <test-method signature="switchMunLookup()[pri:0, instance:UtilipayV2Hybrid.testCases.Api@767e20cf]" started-at="2025-08-19T10:21:37 SAST" name="switchMunLookup" finished-at="2025-08-19T10:21:38 SAST" duration-ms="256" status="PASS">
          <reporter-output>
          </reporter-output>
        </test-method> <!-- switchMunLookup -->
        <test-method signature="switchVend()[pri:0, instance:UtilipayV2Hybrid.testCases.Api@767e20cf]" started-at="2025-08-19T10:21:38 SAST" name="switchVend" finished-at="2025-08-19T10:21:39 SAST" duration-ms="1369" status="PASS">
          <reporter-output>
          </reporter-output>
        </test-method> <!-- switchVend -->
        <test-method signature="confirmTransactionTest()[pri:0, instance:UtilipayV2Hybrid.testCases.Api@767e20cf]" started-at="2025-08-19T10:21:39 SAST" name="confirmTransactionTest" finished-at="2025-08-19T10:21:39 SAST" depends-on-methods="UtilipayV2Hybrid.testCases.Api.emsVendTest" duration-ms="193" status="PASS">
          <reporter-output>
          </reporter-output>
        </test-method> <!-- confirmTransactionTest -->
        <test-method signature="cancelTransactionTest()[pri:0, instance:UtilipayV2Hybrid.testCases.Api@767e20cf]" started-at="2025-08-19T10:21:39 SAST" name="cancelTransactionTest" finished-at="2025-08-19T10:21:39 SAST" depends-on-methods="UtilipayV2Hybrid.testCases.Api.confirmTransactionTest" duration-ms="175" status="PASS">
          <reporter-output>
          </reporter-output>
        </test-method> <!-- cancelTransactionTest -->
      </class> <!-- UtilipayV2Hybrid.testCases.Api -->
    </test> <!-- Utilipay Version 2 -->
  </suite> <!-- Suite -->
</testng-results>
