<?xml version="1.0" encoding="UTF-8"?>
<testng-results retried="1" ignored="0" total="7" passed="5" failed="1" skipped="0">
  <reporter-output>
  </reporter-output>
  <suite started-at="2025-06-25T09:53:04 SAST" name="Suite" finished-at="2025-06-25T09:53:20 SAST" duration-ms="16178">
    <groups>
    </groups>
    <test started-at="2025-06-25T09:53:04 SAST" name="Utilipay Version 2" finished-at="2025-06-25T09:53:20 SAST" duration-ms="16178">
      <class name="UtilipayV2Hybrid.testCases.Api">
        <test-method is-config="true" signature="authentication()[pri:0, instance:UtilipayV2Hybrid.testCases.Api@7a7471ce]" started-at="2025-06-25T09:53:04 SAST" name="authentication" finished-at="2025-06-25T09:53:10 SAST" duration-ms="5050" status="PASS">
          <reporter-output>
          </reporter-output>
        </test-method> <!-- authentication -->
        <test-method signature="emsVendTest()[pri:0, instance:UtilipayV2Hybrid.testCases.Api@7a7471ce]" started-at="2025-06-25T09:53:10 SAST" name="emsVendTest" finished-at="2025-06-25T09:53:16 SAST" duration-ms="6592" status="PASS">
          <reporter-output>
          </reporter-output>
        </test-method> <!-- emsVendTest -->
        <test-method signature="switchMeterLookup()[pri:0, instance:UtilipayV2Hybrid.testCases.Api@7a7471ce]" started-at="2025-06-25T09:53:16 SAST" name="switchMeterLookup" finished-at="2025-06-25T09:53:18 SAST" duration-ms="1789" status="PASS">
          <reporter-output>
          </reporter-output>
        </test-method> <!-- switchMeterLookup -->
        <test-method signature="switchMunLookup()[pri:0, instance:UtilipayV2Hybrid.testCases.Api@7a7471ce]" started-at="2025-06-25T09:53:18 SAST" name="switchMunLookup" finished-at="2025-06-25T09:53:18 SAST" duration-ms="209" status="PASS">
          <reporter-output>
          </reporter-output>
        </test-method> <!-- switchMunLookup -->
        <test-method retried="true" signature="switchVend()[pri:0, instance:UtilipayV2Hybrid.testCases.Api@7a7471ce]" started-at="2025-06-25T09:53:18 SAST" name="switchVend" finished-at="2025-06-25T09:53:19 SAST" duration-ms="821" status="SKIP">
          <exception class="java.lang.AssertionError">
            <message>
              <![CDATA[Switch vend request failed expected [200] but found [500]]]>
            </message>
            <full-stacktrace>
              <![CDATA[java.lang.AssertionError: Switch vend request failed expected [200] but found [500]
at org.testng.Assert.fail(Assert.java:99)
at org.testng.Assert.failNotEquals(Assert.java:1037)
at org.testng.Assert.assertEqualsImpl(Assert.java:140)
at org.testng.Assert.assertEquals(Assert.java:122)
at org.testng.Assert.assertEquals(Assert.java:907)
at UtilipayV2Hybrid.testCases.Api.switchVend(Api.java:168)
at java.base/jdk.internal.reflect.DirectMethodHandleAccessor.invoke(DirectMethodHandleAccessor.java:103)
at java.base/java.lang.reflect.Method.invoke(Method.java:580)
at org.testng.internal.MethodInvocationHelper.invokeMethod(MethodInvocationHelper.java:133)
at org.testng.internal.TestInvoker.invokeMethod(TestInvoker.java:598)
at org.testng.internal.TestInvoker.invokeTestMethod(TestInvoker.java:173)
at org.testng.internal.MethodRunner.runInSequence(MethodRunner.java:46)
at org.testng.internal.TestInvoker$MethodInvocationAgent.invoke(TestInvoker.java:824)
at org.testng.internal.TestInvoker.invokeTestMethods(TestInvoker.java:146)
at org.testng.internal.TestMethodWorker.invokeTestMethods(TestMethodWorker.java:146)
at org.testng.internal.TestMethodWorker.run(TestMethodWorker.java:128)
at java.base/java.util.ArrayList.forEach(ArrayList.java:1596)
at org.testng.TestRunner.privateRun(TestRunner.java:794)
at org.testng.TestRunner.run(TestRunner.java:596)
at org.testng.SuiteRunner.runTest(SuiteRunner.java:377)
at org.testng.SuiteRunner.runSequentially(SuiteRunner.java:371)
at org.testng.SuiteRunner.privateRun(SuiteRunner.java:332)
at org.testng.SuiteRunner.run(SuiteRunner.java:276)
at org.testng.SuiteRunnerWorker.runSuite(SuiteRunnerWorker.java:53)
at org.testng.SuiteRunnerWorker.run(SuiteRunnerWorker.java:96)
at org.testng.TestNG.runSuitesSequentially(TestNG.java:1212)
at org.testng.TestNG.runSuitesLocally(TestNG.java:1134)
at org.testng.TestNG.runSuites(TestNG.java:1063)
at org.testng.TestNG.run(TestNG.java:1031)
at org.testng.remote.AbstractRemoteTestNG.run(AbstractRemoteTestNG.java:115)
at org.testng.remote.RemoteTestNG.initAndRun(RemoteTestNG.java:293)
at org.testng.remote.RemoteTestNG.main(RemoteTestNG.java:91)
]]>
            </full-stacktrace>
          </exception> <!-- java.lang.AssertionError -->
          <reporter-output>
          </reporter-output>
        </test-method> <!-- switchVend -->
        <test-method signature="switchVend()[pri:0, instance:UtilipayV2Hybrid.testCases.Api@7a7471ce]" started-at="2025-06-25T09:53:19 SAST" name="switchVend" finished-at="2025-06-25T09:53:19 SAST" duration-ms="321" status="FAIL">
          <exception class="java.lang.AssertionError">
            <message>
              <![CDATA[Switch vend request failed expected [200] but found [500]]]>
            </message>
            <full-stacktrace>
              <![CDATA[java.lang.AssertionError: Switch vend request failed expected [200] but found [500]
at org.testng.Assert.fail(Assert.java:99)
at org.testng.Assert.failNotEquals(Assert.java:1037)
at org.testng.Assert.assertEqualsImpl(Assert.java:140)
at org.testng.Assert.assertEquals(Assert.java:122)
at org.testng.Assert.assertEquals(Assert.java:907)
at UtilipayV2Hybrid.testCases.Api.switchVend(Api.java:168)
at java.base/jdk.internal.reflect.DirectMethodHandleAccessor.invoke(DirectMethodHandleAccessor.java:103)
at java.base/java.lang.reflect.Method.invoke(Method.java:580)
at org.testng.internal.MethodInvocationHelper.invokeMethod(MethodInvocationHelper.java:133)
at org.testng.internal.TestInvoker.invokeMethod(TestInvoker.java:598)
at org.testng.internal.TestInvoker.retryFailed(TestInvoker.java:213)
at org.testng.internal.MethodRunner.runInSequence(MethodRunner.java:58)
at org.testng.internal.TestInvoker$MethodInvocationAgent.invoke(TestInvoker.java:824)
at org.testng.internal.TestInvoker.invokeTestMethods(TestInvoker.java:146)
at org.testng.internal.TestMethodWorker.invokeTestMethods(TestMethodWorker.java:146)
at org.testng.internal.TestMethodWorker.run(TestMethodWorker.java:128)
at java.base/java.util.ArrayList.forEach(ArrayList.java:1596)
at org.testng.TestRunner.privateRun(TestRunner.java:794)
at org.testng.TestRunner.run(TestRunner.java:596)
at org.testng.SuiteRunner.runTest(SuiteRunner.java:377)
at org.testng.SuiteRunner.runSequentially(SuiteRunner.java:371)
at org.testng.SuiteRunner.privateRun(SuiteRunner.java:332)
at org.testng.SuiteRunner.run(SuiteRunner.java:276)
at org.testng.SuiteRunnerWorker.runSuite(SuiteRunnerWorker.java:53)
at org.testng.SuiteRunnerWorker.run(SuiteRunnerWorker.java:96)
at org.testng.TestNG.runSuitesSequentially(TestNG.java:1212)
at org.testng.TestNG.runSuitesLocally(TestNG.java:1134)
at org.testng.TestNG.runSuites(TestNG.java:1063)
at org.testng.TestNG.run(TestNG.java:1031)
at org.testng.remote.AbstractRemoteTestNG.run(AbstractRemoteTestNG.java:115)
at org.testng.remote.RemoteTestNG.initAndRun(RemoteTestNG.java:293)
at org.testng.remote.RemoteTestNG.main(RemoteTestNG.java:91)
]]>
            </full-stacktrace>
          </exception> <!-- java.lang.AssertionError -->
          <reporter-output>
          </reporter-output>
        </test-method> <!-- switchVend -->
        <test-method signature="confirmTransactionTest()[pri:0, instance:UtilipayV2Hybrid.testCases.Api@7a7471ce]" started-at="2025-06-25T09:53:19 SAST" name="confirmTransactionTest" finished-at="2025-06-25T09:53:20 SAST" depends-on-methods="UtilipayV2Hybrid.testCases.Api.emsVendTest" duration-ms="239" status="PASS">
          <reporter-output>
          </reporter-output>
        </test-method> <!-- confirmTransactionTest -->
        <test-method signature="cancelTransactionTest()[pri:0, instance:UtilipayV2Hybrid.testCases.Api@7a7471ce]" started-at="2025-06-25T09:53:20 SAST" name="cancelTransactionTest" finished-at="2025-06-25T09:53:20 SAST" depends-on-methods="UtilipayV2Hybrid.testCases.Api.confirmTransactionTest" duration-ms="952" status="PASS">
          <reporter-output>
          </reporter-output>
        </test-method> <!-- cancelTransactionTest -->
      </class> <!-- UtilipayV2Hybrid.testCases.Api -->
    </test> <!-- Utilipay Version 2 -->
  </suite> <!-- Suite -->
</testng-results>
